cp: omitting directory `/var/lib/openshift/57bb778589f5cf67e1000026/app-root/runtime/repo/.openshift/config/modules'
=========================================================================

  JBoss Bootstrap Environment

  JBOSS_HOME: /var/lib/openshift/57bb778589f5cf67e1000026/wildfly/

  JAVA: /etc/alternatives/java_sdk_1.8.0/bin/java

  JAVA_OPTS:  -server -Xms40m -Xmx256m -XX:+AggressiveOpts -XX:MinHeapFreeRatio=20 -XX:MaxHeapFreeRatio=40 -XX:GCTimeRatio=4 -XX:AdaptiveSizePolicyWeight=90 -Dorg.apache.tomcat.util.LOW_MEMORY=true -DOPENSHIFT_APP_UUID=57bb778589f5cf67e1000026 -Dorg.jboss.resolver.warning=true -Djava.net.preferIPv4Stack=true -Dfile.encoding=UTF-8 -Djboss.node.name=op-jsec.rhcloud.com -Djgroups.bind_addr= -Dorg.apache.coyote.http11.Http11Protocol.COMPRESSION=on

=========================================================================

[0m12:10:28,666 INFO  [org.jboss.modules] (main) JBoss Modules version 1.5.2.Final
[0m[0m12:10:29,747 INFO  [org.jboss.msc] (main) JBoss MSC version 1.2.6.Final
[0m[0m12:10:30,005 INFO  [org.jboss.as] (MSC service thread 1-8) WFLYSRV0049: WildFly Full 10.1.0.CR1 (WildFly Core 2.2.0.CR9) starting
[0m[0m12:10:38,220 INFO  [org.jboss.as.repository] (ServerService Thread Pool -- 27) WFLYDR0001: Content added at location /var/lib/openshift/57bb778589f5cf67e1000026/wildfly/standalone/data/content/9a/b9e06f6c94798f76b10d444fa42724f0c88aef/content
[0m[0m12:10:38,428 INFO  [org.jboss.as.server] (Controller Boot Thread) WFLYSRV0039: Creating http management service using socket-binding (management-http)
[0m[0m12:10:38,451 INFO  [org.xnio] (MSC service thread 1-6) XNIO version 3.4.0.Beta3
[0m[0m12:10:38,495 INFO  [org.xnio.nio] (MSC service thread 1-6) XNIO NIO Implementation Version 3.4.0.Beta3
[0m[0m12:10:38,656 INFO  [org.jboss.remoting] (MSC service thread 1-6) JBoss Remoting version 4.0.21.Final
[0m[0m12:10:38,697 INFO  [org.jboss.as.clustering.infinispan] (ServerService Thread Pool -- 43) WFLYCLINF0001: Activating Infinispan subsystem.
[0m[0m12:10:38,889 INFO  [org.jboss.as.jsf] (ServerService Thread Pool -- 51) WFLYJSF0007: Activated the following JSF Implementations: [main]
[0m[0m12:10:38,905 INFO  [org.jboss.as.clustering.jgroups] (ServerService Thread Pool -- 48) WFLYCLJG0001: Activating JGroups subsystem.
[0m[0m12:10:38,918 INFO  [org.wildfly.extension.io] (ServerService Thread Pool -- 42) WFLYIO001: Worker 'default' has auto-configured to 8 core threads with 64 task threads based on your 4 available processors
[0m[0m12:10:38,983 INFO  [org.wildfly.iiop.openjdk] (ServerService Thread Pool -- 44) WFLYIIOP0001: Activating IIOP Subsystem
[0m[0m12:10:38,997 INFO  [org.jboss.as.naming] (ServerService Thread Pool -- 55) WFLYNAM0001: Activating Naming Subsystem
[0m[0m12:10:39,010 INFO  [org.jboss.as.security] (ServerService Thread Pool -- 62) WFLYSEC0002: Activating Security Subsystem
[0m[0m12:10:39,079 INFO  [org.jboss.as.webservices] (ServerService Thread Pool -- 66) WFLYWS0002: Activating WebServices Extension
[0m[33m12:10:38,911 WARN  [org.jboss.as.txn] (ServerService Thread Pool -- 64) WFLYTX0013: Node identifier property is set to the default value. Please make sure it is unique.
[0m[0m12:10:39,180 INFO  [org.jboss.as.security] (MSC service thread 1-1) WFLYSEC0001: Current PicketBox version=4.9.6.Final
[0m[0m12:10:39,198 INFO  [org.jboss.as.connector] (MSC service thread 1-3) WFLYJCA0009: Starting JCA Subsystem (WildFly/IronJacamar 1.3.4.Final)
[0m[0m12:10:39,283 INFO  [org.wildfly.extension.undertow] (MSC service thread 1-8) WFLYUT0003: Undertow 1.4.0.CR4 starting
[0m[0m12:10:40,189 INFO  [org.jboss.as.connector.subsystems.datasources] (ServerService Thread Pool -- 38) WFLYJCA0004: Deploying JDBC-compliant driver class org.h2.Driver (version 1.3)
[0m[0m12:10:40,225 INFO  [org.jboss.as.naming] (MSC service thread 1-5) WFLYNAM0003: Starting Naming Service
[0m[0m12:10:40,284 INFO  [org.jboss.as.mail.extension] (MSC service thread 1-1) WFLYMAIL0001: Bound mail session [java:jboss/mail/Default]
[0m[0m12:10:40,285 INFO  [org.jboss.as.connector.deployers.jdbc] (MSC service thread 1-2) WFLYJCA0018: Started Driver service with driver-name = h2
[0m[0m12:10:40,716 INFO  [org.jboss.as.connector.subsystems.datasources] (ServerService Thread Pool -- 38) WFLYJCA0005: Deploying non-JDBC-compliant driver class com.mysql.jdbc.Driver (version 5.1)
[0m[0m12:10:40,741 INFO  [org.jboss.as.connector.deployers.jdbc] (MSC service thread 1-8) WFLYJCA0018: Started Driver service with driver-name = mysql
[0m[0m12:10:40,945 INFO  [org.jboss.as.connector.subsystems.datasources] (ServerService Thread Pool -- 38) WFLYJCA0005: Deploying non-JDBC-compliant driver class org.postgresql.Driver (version 9.3)
[0m[0m12:10:40,991 INFO  [org.jboss.as.connector.deployers.jdbc] (MSC service thread 1-8) WFLYJCA0018: Started Driver service with driver-name = postgresql
[0m[0m12:10:41,127 INFO  [org.wildfly.extension.undertow] (ServerService Thread Pool -- 65) WFLYUT0014: Creating file handler for path '/var/lib/openshift/57bb778589f5cf67e1000026/wildfly/welcome-content' with options [directory-listing: 'false', follow-symlink: 'false', case-sensitive: 'true', safe-symlink-paths: '[]']
[0m[0m12:10:41,311 INFO  [org.wildfly.extension.undertow] (MSC service thread 1-8) WFLYUT0012: Started server default-server.
[0m[0m12:10:41,324 INFO  [org.wildfly.extension.undertow] (MSC service thread 1-3) WFLYUT0018: Host default-host starting
[0m[0m12:10:41,626 INFO  [org.jboss.as.ejb3] (MSC service thread 1-2) WFLYEJB0482: Strict pool mdb-strict-max-pool is using a max instance size of 16 (per class), which is derived from the number of CPUs on this host.
[0m[0m12:10:41,627 INFO  [org.jboss.as.ejb3] (MSC service thread 1-4) WFLYEJB0481: Strict pool slsb-strict-max-pool is using a max instance size of 64 (per class), which is derived from thread worker pool sizing.
[0m[0m12:10:42,183 INFO  [com.arjuna.ats.jbossatx] (MSC service thread 1-6) ARJUNA032010: JBossTS Recovery Service (tag: c5912) - JBoss Inc.
[0m[0m12:10:42,336 INFO  [org.wildfly.extension.undertow] (MSC service thread 1-3) WFLYUT0006: Undertow HTTP listener default listening on 127.10.115.1:8080
[0m[0m12:10:42,906 INFO  [com.arjuna.ats.jbossatx] (MSC service thread 1-6) ARJUNA032013: Starting transaction recovery manager
[0m[0m12:10:43,099 INFO  [com.arjuna.ats.jbossatx] (MSC service thread 1-6) ARJUNA032017: JBossTS Transaction Service (JTA version - tag: c5912) - JBoss Inc.
[0m[0m12:10:43,881 INFO  [org.jboss.as.connector.subsystems.datasources] (MSC service thread 1-8) WFLYJCA0001: Bound data source [java:jboss/datasources/OpEEDS]
[0m[0m12:10:43,883 INFO  [org.jboss.as.connector.subsystems.datasources] (MSC service thread 1-1) WFLYJCA0001: Bound data source [java:jboss/datasources/ExampleDS]
[0m[0m12:10:43,883 INFO  [org.jboss.as.connector.subsystems.datasources] (MSC service thread 1-6) WFLYJCA0001: Bound data source [java:jboss/datasources/MySQLDS]
[0m[0m12:10:44,321 INFO  [org.wildfly.extension.messaging-activemq] (MSC service thread 1-2) WFLYMSGAMQ0075: AIO wasn't located on this platform, it will fall back to using pure Java NIO. Your platform is Linux, install LibAIO to enable the AIO journal and achieve optimal performance.
[0m[0m12:10:44,692 INFO  [org.jboss.as.server.deployment.scanner] (MSC service thread 1-6) WFLYDS0013: Started FileSystemDeploymentService for directory /var/lib/openshift/57bb778589f5cf67e1000026/wildfly/standalone/deployments
[0m[0m12:10:44,736 INFO  [org.jboss.as.server.deployment] (MSC service thread 1-4) WFLYSRV0027: Starting deployment of "opca-ear.ear" (runtime-name: "opca-ear.ear")
[0m[0m12:10:44,888 INFO  [org.wildfly.iiop.openjdk] (MSC service thread 1-5) WFLYIIOP0009: CORBA ORB Service started
[0m[0m12:10:45,203 INFO  [org.apache.activemq.artemis.core.server] (ServerService Thread Pool -- 68) AMQ221000: live Message Broker is starting with configuration Broker Configuration (clustered=false,journalDirectory=/var/lib/openshift/57bb778589f5cf67e1000026/wildfly/standalone/data/activemq/journal,bindingsDirectory=/var/lib/openshift/57bb778589f5cf67e1000026/wildfly/standalone/data/activemq/bindings,largeMessagesDirectory=/var/lib/openshift/57bb778589f5cf67e1000026/wildfly/standalone/data/activemq/largemessages,pagingDirectory=/var/lib/openshift/57bb778589f5cf67e1000026/wildfly/standalone/data/activemq/paging)
[0m[0m12:10:46,343 INFO  [org.apache.activemq.artemis.core.server] (ServerService Thread Pool -- 68) AMQ221013: Using NIO Journal
[0m[0m12:10:46,941 INFO  [org.jboss.ws.common.management] (MSC service thread 1-7) JBWS022052: Starting JBossWS 5.1.5.Final (Apache CXF 3.1.6) 
[0m[0m12:10:47,880 INFO  [org.apache.activemq.artemis.core.server] (ServerService Thread Pool -- 68) AMQ221043: Protocol module found: [artemis-server]. Adding protocol support for: CORE
[0m[0m12:10:47,919 INFO  [org.apache.activemq.artemis.core.server] (ServerService Thread Pool -- 68) AMQ221043: Protocol module found: [artemis-amqp-protocol]. Adding protocol support for: AMQP
[0m[0m12:10:48,169 INFO  [org.apache.activemq.artemis.core.server] (ServerService Thread Pool -- 68) AMQ221043: Protocol module found: [artemis-hornetq-protocol]. Adding protocol support for: HORNETQ
[0m[0m12:10:48,171 INFO  [org.apache.activemq.artemis.core.server] (ServerService Thread Pool -- 68) AMQ221043: Protocol module found: [artemis-stomp-protocol]. Adding protocol support for: STOMP
[0m[0m12:10:56,105 INFO  [org.wildfly.extension.messaging-activemq] (MSC service thread 1-2) WFLYMSGAMQ0016: Registered HTTP upgrade for activemq-remoting protocol handled by http-acceptor-throughput acceptor
[0m[0m12:10:56,106 INFO  [org.wildfly.extension.messaging-activemq] (MSC service thread 1-5) WFLYMSGAMQ0016: Registered HTTP upgrade for activemq-remoting protocol handled by http-acceptor acceptor
[0m[0m12:10:56,106 INFO  [org.wildfly.extension.messaging-activemq] (MSC service thread 1-8) WFLYMSGAMQ0016: Registered HTTP upgrade for activemq-remoting protocol handled by http-acceptor acceptor
[0m[0m12:10:56,106 INFO  [org.wildfly.extension.messaging-activemq] (MSC service thread 1-3) WFLYMSGAMQ0016: Registered HTTP upgrade for activemq-remoting protocol handled by http-acceptor-throughput acceptor
[0m[0m12:10:57,030 INFO  [org.apache.activemq.artemis.core.server] (ServerService Thread Pool -- 68) AMQ221007: Server is now live
[0m[0m12:10:57,037 INFO  [org.apache.activemq.artemis.core.server] (ServerService Thread Pool -- 68) AMQ221001: Apache ActiveMQ Artemis Message Broker version 1.1.0.wildfly-017 [nodeID=173865e3-68b5-11e6-b125-3b3800f6aa89] 
[0m[0m12:10:57,121 INFO  [org.apache.activemq.artemis.core.server] (ServerService Thread Pool -- 68) AMQ221003: trying to deploy queue jms.queue.DLQ
[0m[0m12:10:57,521 INFO  [org.wildfly.extension.messaging-activemq] (ServerService Thread Pool -- 71) WFLYMSGAMQ0002: Bound messaging object to jndi name java:jboss/exported/jms/RemoteConnectionFactory
[0m[0m12:10:57,522 INFO  [org.apache.activemq.artemis.core.server] (ServerService Thread Pool -- 72) AMQ221003: trying to deploy queue jms.queue.ExpiryQueue
[0m[0m12:10:57,524 INFO  [org.wildfly.extension.messaging-activemq] (ServerService Thread Pool -- 70) WFLYMSGAMQ0002: Bound messaging object to jndi name java:/ConnectionFactory
[0m[0m12:10:57,913 INFO  [org.jboss.as.connector.deployment] (MSC service thread 1-5) WFLYJCA0007: Registered connection factory java:/JmsXA
[0m[0m12:10:58,413 INFO  [org.apache.activemq.artemis.ra] (MSC service thread 1-5) Resource adaptor started
[0m[0m12:10:58,414 INFO  [org.jboss.as.connector.services.resourceadapters.ResourceAdapterActivatorService$ResourceAdapterActivator] (MSC service thread 1-5) IJ020002: Deployed: file://RaActivatoractivemq-ra
[0m[0m12:10:58,424 INFO  [org.jboss.as.connector.deployment] (MSC service thread 1-5) WFLYJCA0002: Bound JCA ConnectionFactory [java:/JmsXA]
[0m[0m12:10:58,424 INFO  [org.wildfly.extension.messaging-activemq] (MSC service thread 1-5) WFLYMSGAMQ0002: Bound messaging object to jndi name java:jboss/DefaultJMSConnectionFactory
[0m[0m12:10:59,826 INFO  [org.jboss.as.server.deployment] (MSC service thread 1-4) WFLYSRV0207: Starting subdeployment (runtime-name: "opca-ejb.jar")
[0m[0m12:10:59,828 INFO  [org.jboss.as.server.deployment] (MSC service thread 1-6) WFLYSRV0207: Starting subdeployment (runtime-name: "opca-web.war")
[0m[33m12:11:00,505 WARN  [org.jboss.as.ejb3.deployment] (MSC service thread 1-4) WFLYEJB0119: [EJB3.1 spec, section 4.9.2] Session bean implementation class MUST be public, not abstract and not final - opca.service.RoleSingletonBean won't be considered as a session bean, since it doesn't meet that requirement
[0m[0m12:11:03,005 INFO  [org.jboss.as.jpa] (MSC service thread 1-4) WFLYJPA0002: Read persistence.xml for opee
[0m[33m12:11:03,481 WARN  [org.jboss.as.dependency.private] (MSC service thread 1-1) WFLYSRV0018: Deployment "deployment.opca-ear.ear.opca-ejb.jar" is using a private module ("org.apache.httpcomponents:main") which may be changed or removed in future versions without notice.
[0m[0m12:11:03,690 INFO  [org.jboss.as.jpa] (ServerService Thread Pool -- 70) WFLYJPA0010: Starting Persistence Unit (phase 1 of 2) Service 'opca-ear.ear/opca-ejb.jar#opee'
[0m[0m12:11:03,718 INFO  [org.jboss.weld.deployer] (MSC service thread 1-5) WFLYWELD0003: Processing weld deployment opca-ear.ear
[0m[0m12:11:03,847 INFO  [org.hibernate.jpa.internal.util.LogHelper] (ServerService Thread Pool -- 70) HHH000204: Processing PersistenceUnitInfo [
	name: opee
	...]
[0m[0m12:11:04,359 INFO  [org.hibernate.validator.internal.util.Version] (MSC service thread 1-5) HV000001: Hibernate Validator 5.2.4.Final
[0m[0m12:11:04,523 INFO  [org.hibernate.Version] (ServerService Thread Pool -- 70) HHH000412: Hibernate Core {5.0.9.Final}
[0m[0m12:11:04,540 INFO  [org.hibernate.cfg.Environment] (ServerService Thread Pool -- 70) HHH000206: hibernate.properties not found
[0m[0m12:11:04,562 INFO  [org.hibernate.cfg.Environment] (ServerService Thread Pool -- 70) HHH000021: Bytecode provider name : javassist
[0m[0m12:11:05,186 INFO  [org.hibernate.annotations.common.Version] (ServerService Thread Pool -- 70) HCANN000001: Hibernate Commons Annotations {5.0.1.Final}
[0m[0m12:11:06,106 INFO  [org.jboss.weld.deployer] (MSC service thread 1-6) WFLYWELD0003: Processing weld deployment opca-web.war
[0m[0m12:11:06,166 INFO  [org.jboss.weld.deployer] (MSC service thread 1-7) WFLYWELD0003: Processing weld deployment opca-ejb.jar
[0m[0m12:11:06,188 INFO  [org.jboss.as.ejb3.deployment] (MSC service thread 1-7) WFLYEJB0473: JNDI bindings for session bean named 'CAOnlineUpdates' in deployment unit 'subdeployment "opca-ejb.jar" of deployment "opca-ear.ear"' are as follows:

	java:global/opca-ear/opca-ejb/CAOnlineUpdates!opca.service.CAOnlineUpdates
	java:app/opca-ejb/CAOnlineUpdates!opca.service.CAOnlineUpdates
	java:module/CAOnlineUpdates!opca.service.CAOnlineUpdates
	java:global/opca-ear/opca-ejb/CAOnlineUpdates
	java:app/opca-ejb/CAOnlineUpdates
	java:module/CAOnlineUpdates

[0m[0m12:11:06,194 INFO  [org.jboss.as.ejb3.deployment] (MSC service thread 1-7) WFLYEJB0473: JNDI bindings for session bean named 'ScheduledService' in deployment unit 'subdeployment "opca-ejb.jar" of deployment "opca-ear.ear"' are as follows:

	java:global/opca-ear/opca-ejb/ScheduledService!opca.service.ScheduledService
	java:app/opca-ejb/ScheduledService!opca.service.ScheduledService
	java:module/ScheduledService!opca.service.ScheduledService
	java:global/opca-ear/opca-ejb/ScheduledService
	java:app/opca-ejb/ScheduledService
	java:module/ScheduledService

[0m[0m12:11:06,200 INFO  [org.jboss.as.ejb3.deployment] (MSC service thread 1-7) WFLYEJB0473: JNDI bindings for session bean named 'SlipOpinionService' in deployment unit 'subdeployment "opca-ejb.jar" of deployment "opca-ear.ear"' are as follows:

	java:global/opca-ear/opca-ejb/SlipOpinionService!opca.service.SlipOpinionService
	java:app/opca-ejb/SlipOpinionService!opca.service.SlipOpinionService
	java:module/SlipOpinionService!opca.service.SlipOpinionService
	java:global/opca-ear/opca-ejb/SlipOpinionService
	java:app/opca-ejb/SlipOpinionService
	java:module/SlipOpinionService

[0m[0m12:11:06,203 INFO  [org.jboss.as.ejb3.deployment] (MSC service thread 1-7) WFLYEJB0473: JNDI bindings for session bean named 'UserService' in deployment unit 'subdeployment "opca-ejb.jar" of deployment "opca-ear.ear"' are as follows:

	java:global/opca-ear/opca-ejb/UserService!opca.service.UserService
	java:app/opca-ejb/UserService!opca.service.UserService
	java:module/UserService!opca.service.UserService
	java:global/opca-ear/opca-ejb/UserService
	java:app/opca-ejb/UserService
	java:module/UserService

[0m[0m12:11:06,214 INFO  [org.jboss.as.ejb3.deployment] (MSC service thread 1-7) WFLYEJB0473: JNDI bindings for session bean named 'OpinionViewSingleton' in deployment unit 'subdeployment "opca-ejb.jar" of deployment "opca-ear.ear"' are as follows:

	java:global/opca-ear/opca-ejb/OpinionViewSingleton!opca.service.OpinionViewSingleton
	java:app/opca-ejb/OpinionViewSingleton!opca.service.OpinionViewSingleton
	java:module/OpinionViewSingleton!opca.service.OpinionViewSingleton
	java:global/opca-ear/opca-ejb/OpinionViewSingleton
	java:app/opca-ejb/OpinionViewSingleton
	java:module/OpinionViewSingleton

[0m[0m12:11:06,214 INFO  [org.jboss.as.ejb3.deployment] (MSC service thread 1-7) WFLYEJB0473: JNDI bindings for session bean named 'OpinionViewCache' in deployment unit 'subdeployment "opca-ejb.jar" of deployment "opca-ear.ear"' are as follows:

	java:global/opca-ear/opca-ejb/OpinionViewCache!opca.service.OpinionViewCache
	java:app/opca-ejb/OpinionViewCache!opca.service.OpinionViewCache
	java:module/OpinionViewCache!opca.service.OpinionViewCache
	java:global/opca-ear/opca-ejb/OpinionViewCache
	java:app/opca-ejb/OpinionViewCache
	java:module/OpinionViewCache

[0m[0m12:11:07,318 INFO  [org.jboss.weld.Version] (MSC service thread 1-2) WELD-000900: 2.3.5 (Final)
[0m[33m12:11:09,487 WARN  [org.jboss.as.clustering.jgroups] (MSC service thread 1-3) WFLYCLJG0006: property bind_addr for protocol org.jgroups.protocols.TCP attempting to override socket binding value 127.10.115.1 : property value 127.10.115.1 will be ignored
[0m[33m12:11:09,487 WARN  [org.jboss.as.clustering.jgroups] (MSC service thread 1-3) WFLYCLJG0006: property bind_port for protocol org.jgroups.protocols.TCP attempting to override socket binding value 7600 : property value 7600 will be ignored
[0m[0m12:11:10,267 INFO  [org.jboss.as.jpa] (ServerService Thread Pool -- 70) WFLYJPA0010: Starting Persistence Unit (phase 2 of 2) Service 'opca-ear.ear/opca-ejb.jar#opee'
[0m[0m12:11:13,360 INFO  [org.hibernate.dialect.Dialect] (ServerService Thread Pool -- 70) HHH000400: Using dialect: org.hibernate.dialect.MySQL5InnoDBDialect
[0m[0m12:11:13,735 INFO  [org.hibernate.envers.boot.internal.EnversServiceImpl] (ServerService Thread Pool -- 70) Envers integration enabled? : true
[0m[0m12:11:20,922 INFO  [org.hibernate.hql.internal.QueryTranslatorFactoryInitiator] (ServerService Thread Pool -- 70) HHH000397: Using ASTQueryTranslatorFactory
[0m[0m12:11:45,098 INFO  [org.infinispan.remoting.transport.jgroups.JGroupsTransport] (MSC service thread 1-2) ISPN000078: Starting JGroups channel ejb
[0m[0m12:11:45,098 INFO  [org.infinispan.remoting.transport.jgroups.JGroupsTransport] (MSC service thread 1-6) ISPN000078: Starting JGroups channel server
[0m[0m12:11:45,098 INFO  [org.infinispan.remoting.transport.jgroups.JGroupsTransport] (MSC service thread 1-8) ISPN000078: Starting JGroups channel web
[0m[0m12:11:45,099 INFO  [org.infinispan.remoting.transport.jgroups.JGroupsTransport] (MSC service thread 1-5) ISPN000078: Starting JGroups channel hibernate
[0m[0m12:11:45,180 INFO  [org.infinispan.remoting.transport.jgroups.JGroupsTransport] (MSC service thread 1-8) ISPN000094: Received new cluster view for channel web: [op-jsec.rhcloud.com|0] (1) [op-jsec.rhcloud.com]
[0m[0m12:11:45,182 INFO  [org.infinispan.remoting.transport.jgroups.JGroupsTransport] (MSC service thread 1-5) ISPN000094: Received new cluster view for channel hibernate: [op-jsec.rhcloud.com|0] (1) [op-jsec.rhcloud.com]
[0m[0m12:11:45,183 INFO  [org.infinispan.remoting.transport.jgroups.JGroupsTransport] (MSC service thread 1-6) ISPN000094: Received new cluster view for channel server: [op-jsec.rhcloud.com|0] (1) [op-jsec.rhcloud.com]
[0m[0m12:11:45,184 INFO  [org.infinispan.remoting.transport.jgroups.JGroupsTransport] (MSC service thread 1-2) ISPN000094: Received new cluster view for channel ejb: [op-jsec.rhcloud.com|0] (1) [op-jsec.rhcloud.com]
[0m[0m12:11:45,192 INFO  [org.infinispan.remoting.transport.jgroups.JGroupsTransport] (MSC service thread 1-5) ISPN000079: Channel hibernate local address is op-jsec.rhcloud.com, physical addresses are [172.16.9.201:7600]
[0m[0m12:11:45,195 INFO  [org.infinispan.remoting.transport.jgroups.JGroupsTransport] (MSC service thread 1-2) ISPN000079: Channel ejb local address is op-jsec.rhcloud.com, physical addresses are [172.16.9.201:7600]
[0m[0m12:11:45,195 INFO  [org.infinispan.remoting.transport.jgroups.JGroupsTransport] (MSC service thread 1-6) ISPN000079: Channel server local address is op-jsec.rhcloud.com, physical addresses are [172.16.9.201:7600]
[0m[0m12:11:45,195 INFO  [org.infinispan.remoting.transport.jgroups.JGroupsTransport] (MSC service thread 1-8) ISPN000079: Channel web local address is op-jsec.rhcloud.com, physical addresses are [172.16.9.201:7600]
[0m[0m12:11:45,203 INFO  [org.infinispan.factories.GlobalComponentRegistry] (MSC service thread 1-5) ISPN000128: Infinispan version: Infinispan 'Chakra' 8.2.3.Final
[0m[0m12:11:45,302 INFO  [org.infinispan.configuration.cache.EvictionConfigurationBuilder] (ServerService Thread Pool -- 70) ISPN000152: Passivation configured without an eviction policy being selected. Only manually evicted entities will be passivated.
[0m[0m12:11:45,304 INFO  [org.infinispan.configuration.cache.EvictionConfigurationBuilder] (ServerService Thread Pool -- 77) ISPN000152: Passivation configured without an eviction policy being selected. Only manually evicted entities will be passivated.
[0m[0m12:11:45,307 INFO  [org.infinispan.configuration.cache.EvictionConfigurationBuilder] (ServerService Thread Pool -- 70) ISPN000152: Passivation configured without an eviction policy being selected. Only manually evicted entities will be passivated.
[0m[0m12:11:45,308 INFO  [org.infinispan.configuration.cache.EvictionConfigurationBuilder] (ServerService Thread Pool -- 77) ISPN000152: Passivation configured without an eviction policy being selected. Only manually evicted entities will be passivated.
[0m[0m12:11:45,309 INFO  [org.infinispan.configuration.cache.EvictionConfigurationBuilder] (ServerService Thread Pool -- 77) ISPN000152: Passivation configured without an eviction policy being selected. Only manually evicted entities will be passivated.
[0m[0m12:11:45,379 INFO  [org.infinispan.configuration.cache.EvictionConfigurationBuilder] (ServerService Thread Pool -- 77) ISPN000152: Passivation configured without an eviction policy being selected. Only manually evicted entities will be passivated.
[0m[0m12:11:46,002 INFO  [org.jboss.as.clustering.infinispan] (ServerService Thread Pool -- 70) WFLYCLINF0002: Started client-mappings cache from ejb container
[0m[0m12:11:50,233 INFO  [javax.enterprise.resource.webcontainer.jsf.config] (ServerService Thread Pool -- 76) Initializing Mojarra 2.2.13.SP1 20160303-1204 for context '/opca-web'
[0m[0m12:11:54,883 INFO  [javax.enterprise.resource.webcontainer.jsf.config] (ServerService Thread Pool -- 76) Monitoring file:/var/lib/openshift/57bb778589f5cf67e1000026/wildfly/standalone/tmp/vfs/deployment/deployment381ecc31f8871f15/opca-web.war-3767e502ee802963/WEB-INF/faces-config.xml for modifications
[0m[0m12:11:57,306 INFO  [org.jboss.resteasy.resteasy_jaxrs.i18n] (ServerService Thread Pool -- 76) RESTEASY002225: Deploying javax.ws.rs.core.Application: class opca.rest.JaxRsActivator$Proxy$_$$_WeldClientProxy
[0m[0m12:11:57,384 INFO  [org.wildfly.extension.undertow] (ServerService Thread Pool -- 76) WFLYUT0021: Registered web context: /opca-web
[0m[0m12:11:57,516 INFO  [org.jboss.as.server] (ServerService Thread Pool -- 39) WFLYSRV0010: Deployed "opca-ear.ear" (runtime-name : "opca-ear.ear")
[0m[0m12:11:59,384 INFO  [org.jboss.as] (Controller Boot Thread) WFLYSRV0060: Http management interface listening on http://127.10.115.1:9990/management
[0m[0m12:11:59,384 INFO  [org.jboss.as] (Controller Boot Thread) WFLYSRV0051: Admin console listening on http://127.10.115.1:9990
[0m[0m12:11:59,384 INFO  [org.jboss.as] (Controller Boot Thread) WFLYSRV0025: WildFly Full 10.1.0.CR1 (WildFly Core 2.2.0.CR9) started in 92194ms - Started 822 of 1054 services (454 services are lazy, passive or on-demand)
[0m[0m12:20:31,358 INFO  [org.jboss.as.repository] (ServerService Thread Pool -- 69) WFLYDR0009: Content /var/lib/openshift/57bb778589f5cf67e1000026/wildfly/standalone/data/content/98/9778793fa52b1c1cad3728f5ec63afbb414b4e is obsolete and will be removed
[0m[0m12:20:31,369 INFO  [org.jboss.as.repository] (ServerService Thread Pool -- 69) WFLYDR0002: Content removed from location /var/lib/openshift/57bb778589f5cf67e1000026/wildfly/standalone/data/content/98/9778793fa52b1c1cad3728f5ec63afbb414b4e/content
[0m[0m12:25:30,429 INFO  [opca.controller.IndexController] (default task-5) STARTING SCRAPER UPDATE
[0m[0m12:25:30,439 INFO  [opca.scraper.CACaseScraper] (default task-5) CACaseScraper
[0m[0m12:25:32,204 INFO  [opca.scraper.CACaseScraper] (default task-5) HTTP Response: HTTP/1.1 200 OK
[0m[33m12:25:32,368 WARNING [opca.scraper.CACaseScraper] (default task-5) Duplicate Detected:E060028A : 10/12/16 : P. V. SCOTT
[0m[33m12:25:32,384 WARNING [opca.scraper.CACaseScraper] (default task-5) Duplicate Detected:E055062A : 09/28/16 : P. V. WINDFIELD
[0m[33m12:25:32,399 WARNING [opca.scraper.CACaseScraper] (default task-5) Duplicate Detected:C072053B : 09/06/16 : P. V. CORNEJO
[0m[0m12:25:33,085 INFO  [opca.service.CAOnlineUpdates] (default task-5) Found 345 in the database.
[0m[0m12:25:33,085 INFO  [opca.service.CAOnlineUpdates] (default task-5) Split Transactions
[0m[0m12:25:33,091 INFO  [opca.service.CAOnlineUpdates] (default task-5) No cases deleted.
[0m[0m12:25:33,092 INFO  [opca.service.CAOnlineUpdates] (default task-5) There are 7 SlipOpinions to process
[0m[0m12:25:38,810 INFO  [org.apache.cxf.wsdl.service.factory.ReflectionServiceFactoryBean] (default task-5) Creating Service {http://statutesws/}StatutesWS from WSDL: http://statutesws-jsec.rhcloud.com:80/StatutesWS?wsdl
[0m[0m12:25:40,232 INFO  [opca.service.CAOnlineUpdates] (default task-5) scrapedOpinionDocument:= P. v. Doyle
	:OpinionKey= 1 Slip.Op 50129114
	:CountReferringOpinions= 0
	:ReferringOpinions.size()= xx
	:OpinionCitations().size()= 7
	:Paragraphs().size()= 78
	:Footnotes().size()= 2
	:OpinionTable= 7
	:StatuteTable= 4
[0m[0m12:25:40,383 INFO  [opca.service.CAOnlineUpdates] (default task-5) scrapedOpinionDocument:= In re Isaiah S.
	:OpinionKey= 1 Slip.Op 40139856
	:CountReferringOpinions= 0
	:ReferringOpinions.size()= xx
	:OpinionCitations().size()= 12
	:Paragraphs().size()= 130
	:Footnotes().size()= 3
	:OpinionTable= 12
	:StatuteTable= 4
[0m[0m12:25:40,424 INFO  [opca.service.CAOnlineUpdates] (default task-5) scrapedOpinionDocument:= Harris v. Super. Ct.
	:OpinionKey= 1 Slip.Op 100462978
	:CountReferringOpinions= 0
	:ReferringOpinions.size()= xx
	:OpinionCitations().size()= 7
	:Paragraphs().size()= 122
	:Footnotes().size()= 1
	:OpinionTable= 7
	:StatuteTable= 2
[0m[0m12:25:40,530 INFO  [opca.service.CAOnlineUpdates] (default task-5) scrapedOpinionDocument:= Dinslage v. City and County of San Francisco
	:OpinionKey= 1 Slip.Op 10284730
	:CountReferringOpinions= 0
	:ReferringOpinions.size()= xx
	:OpinionCitations().size()= 23
	:Paragraphs().size()= 146
	:Footnotes().size()= 12
	:OpinionTable= 23
	:StatuteTable= 3
[0m[0m12:25:40,616 INFO  [opca.service.CAOnlineUpdates] (default task-5) scrapedOpinionDocument:= P. v. Colbert
	:OpinionKey= 1 Slip.Op 80084998
	:CountReferringOpinions= 0
	:ReferringOpinions.size()= xx
	:OpinionCitations().size()= 4
	:Paragraphs().size()= 126
	:Footnotes().size()= 8
	:OpinionTable= 4
	:StatuteTable= 5
[0m[0m12:25:40,693 INFO  [opca.service.CAOnlineUpdates] (default task-5) scrapedOpinionDocument:= Perez v. City of Westminster
	:OpinionKey= 1 Slip.Op 70101436
	:CountReferringOpinions= 0
	:ReferringOpinions.size()= xx
	:OpinionCitations().size()= 9
	:Paragraphs().size()= 149
	:Footnotes().size()= 2
	:OpinionTable= 9
	:StatuteTable= 5
[0m[0m12:25:40,795 INFO  [opca.service.CAOnlineUpdates] (default task-5) scrapedOpinionDocument:= In re Anthony Q.
	:OpinionKey= 1 Slip.Op 20534704
	:CountReferringOpinions= 0
	:ReferringOpinions.size()= xx
	:OpinionCitations().size()= 32
	:Paragraphs().size()= 117
	:Footnotes().size()= 15
	:OpinionTable= 32
	:StatuteTable= 4
[0m[0m12:25:41,234 INFO  [opca.service.CAOnlineUpdates] (default task-5) existingOpinion:= Skelly v. State Personnel Bd.
	:OpinionKey= 15 Cal.3d 194
	:CountReferringOpinions= 140
	:ReferringOpinions.size()= 140
	:OpinionCitations().size()= 17
[0m[0m12:25:41,235 INFO  [opca.service.CAOnlineUpdates] (default task-5) opinion 15 Cal.3d 194
	mergeOpinions:= 1
	persistOpinions:= 0
[0m[0m12:25:41,423 INFO  [opca.service.CAOnlineUpdates] (default task-5) existingOpinion:= People v. Collins
	:OpinionKey= 21 Cal.3d 208
	:CountReferringOpinions= 52
	:ReferringOpinions.size()= 52
	:OpinionCitations().size()= 15
[0m[0m12:25:41,423 INFO  [opca.service.CAOnlineUpdates] (default task-5) opinion 21 Cal.3d 208
	mergeOpinions:= 2
	persistOpinions:= 0
[0m[0m12:25:41,592 INFO  [opca.service.CAOnlineUpdates] (default task-5) existingOpinion:= White v. County of Sacramento
	:OpinionKey= 31 Cal.3d 676
	:CountReferringOpinions= 59
	:ReferringOpinions.size()= 59
	:OpinionCitations().size()= 11
[0m[0m12:25:41,593 INFO  [opca.service.CAOnlineUpdates] (default task-5) opinion 31 Cal.3d 676
	mergeOpinions:= 3
	persistOpinions:= 0
[0m[0m12:25:41,617 INFO  [opca.service.CAOnlineUpdates] (default task-5) existingOpinion:= Baggett v. Gates
	:OpinionKey= 32 Cal.3d 128
	:CountReferringOpinions= 84
	:ReferringOpinions.size()= 84
	:OpinionCitations().size()= 15
[0m[0m12:25:41,617 INFO  [opca.service.CAOnlineUpdates] (default task-5) opinion 32 Cal.3d 128
	mergeOpinions:= 4
	persistOpinions:= 0
[0m[0m12:25:41,700 INFO  [opca.service.CAOnlineUpdates] (default task-5) existingOpinion:= Lybarger v. City of Los Angeles
	:OpinionKey= 40 Cal.3d 822
	:CountReferringOpinions= 20
	:ReferringOpinions.size()= 20
	:OpinionCitations().size()= 6
[0m[0m12:25:41,705 INFO  [opca.service.CAOnlineUpdates] (default task-5) opinion 40 Cal.3d 822
	mergeOpinions:= 5
	persistOpinions:= 0
[0m[0m12:25:41,728 INFO  [opca.service.CAOnlineUpdates] (default task-5) existingOpinion:= People v. Wrest
	:OpinionKey= 3 Cal.4th 1088
	:CountReferringOpinions= 23
	:ReferringOpinions.size()= 23
	:OpinionCitations().size()= 8
[0m[0m12:25:41,729 INFO  [opca.service.CAOnlineUpdates] (default task-5) opinion 3 Cal.4th 1088
	mergeOpinions:= 6
	persistOpinions:= 0
[0m[0m12:25:41,812 INFO  [opca.service.CAOnlineUpdates] (default task-5) existingOpinion:= Cynthia D. v. Superior Court
	:OpinionKey= 5 Cal.4th 242
	:CountReferringOpinions= 78
	:ReferringOpinions.size()= 78
	:OpinionCitations().size()= 1
[0m[0m12:25:41,813 INFO  [opca.service.CAOnlineUpdates] (default task-5) opinion 5 Cal.4th 242
	mergeOpinions:= 7
	persistOpinions:= 0
[0m[0m12:25:41,885 INFO  [opca.service.CAOnlineUpdates] (default task-5) existingOpinion:= People v. Ernst
	:OpinionKey= 8 Cal.4th 441
	:CountReferringOpinions= 11
	:ReferringOpinions.size()= 11
	:OpinionCitations().size()= 8
[0m[0m12:25:41,886 INFO  [opca.service.CAOnlineUpdates] (default task-5) opinion 8 Cal.4th 441
	mergeOpinions:= 8
	persistOpinions:= 0
[0m[0m12:25:41,952 INFO  [opca.service.CAOnlineUpdates] (default task-5) existingOpinion:= People v. Duvall
	:OpinionKey= 9 Cal.4th 464
	:CountReferringOpinions= 38
	:ReferringOpinions.size()= 38
	:OpinionCitations().size()= 20
[0m[0m12:25:41,952 INFO  [opca.service.CAOnlineUpdates] (default task-5) opinion 9 Cal.4th 464
	mergeOpinions:= 9
	persistOpinions:= 0
[0m[0m12:25:42,041 INFO  [opca.service.CAOnlineUpdates] (default task-5) existingOpinion:= Guz v. Bechtel National, Inc.
	:OpinionKey= 24 Cal.4th 317
	:CountReferringOpinions= 144
	:ReferringOpinions.size()= 144
	:OpinionCitations().size()= 54
[0m[0m12:25:42,042 INFO  [opca.service.CAOnlineUpdates] (default task-5) opinion 24 Cal.4th 317
	mergeOpinions:= 10
	persistOpinions:= 0
[0m[0m12:25:42,081 INFO  [opca.service.CAOnlineUpdates] (default task-5) existingOpinion:= People v. Cochran
	:OpinionKey= 28 Cal.4th 396
	:CountReferringOpinions= 8
	:ReferringOpinions.size()= 8
	:OpinionCitations().size()= 7
[0m[0m12:25:42,082 INFO  [opca.service.CAOnlineUpdates] (default task-5) opinion 28 Cal.4th 396
	mergeOpinions:= 11
	persistOpinions:= 0
[0m[0m12:25:42,112 INFO  [opca.service.CAOnlineUpdates] (default task-5) existingOpinion:= In Re JW
	:OpinionKey= 29 Cal.4th 200
	:CountReferringOpinions= 28
	:ReferringOpinions.size()= 28
	:OpinionCitations().size()= 27
[0m[0m12:25:42,113 INFO  [opca.service.CAOnlineUpdates] (default task-5) opinion 29 Cal.4th 200
	mergeOpinions:= 12
	persistOpinions:= 0
[0m[0m12:25:42,194 INFO  [opca.service.CAOnlineUpdates] (default task-5) existingOpinion:= In Re SB
	:OpinionKey= 32 Cal.4th 1287
	:CountReferringOpinions= 26
	:ReferringOpinions.size()= 26
	:OpinionCitations().size()= 17
[0m[0m12:25:42,196 INFO  [opca.service.CAOnlineUpdates] (default task-5) opinion 32 Cal.4th 1287
	mergeOpinions:= 13
	persistOpinions:= 0
[0m[0m12:25:42,207 INFO  [opca.service.CAOnlineUpdates] (default task-5) existingOpinion:= Kulshrestha v. First Union Commercial Corp.
	:OpinionKey= 33 Cal.4th 601
	:CountReferringOpinions= 4
	:ReferringOpinions.size()= 4
	:OpinionCitations().size()= 8
[0m[0m12:25:42,208 INFO  [opca.service.CAOnlineUpdates] (default task-5) opinion 33 Cal.4th 601
	mergeOpinions:= 14
	persistOpinions:= 0
[0m[0m12:25:42,219 INFO  [opca.service.CAOnlineUpdates] (default task-5) existingOpinion:= Yanowitz v. L'OREAL USA, INC.
	:OpinionKey= 36 Cal.4th 1028
	:CountReferringOpinions= 38
	:ReferringOpinions.size()= 38
	:OpinionCitations().size()= 11
[0m[0m12:25:42,219 INFO  [opca.service.CAOnlineUpdates] (default task-5) opinion 36 Cal.4th 1028
	mergeOpinions:= 15
	persistOpinions:= 0
[0m[0m12:25:42,296 INFO  [opca.service.CAOnlineUpdates] (default task-5) existingOpinion:= People v. French
	:OpinionKey= 43 Cal.4th 36
	:CountReferringOpinions= 6
	:ReferringOpinions.size()= 6
	:OpinionCitations().size()= 19
[0m[0m12:25:42,296 INFO  [opca.service.CAOnlineUpdates] (default task-5) opinion 43 Cal.4th 36
	mergeOpinions:= 16
	persistOpinions:= 0
[0m[0m12:25:42,321 INFO  [opca.service.CAOnlineUpdates] (default task-5) existingOpinion:= People v. Segura
	:OpinionKey= 44 Cal.4th 921
	:CountReferringOpinions= 5
	:ReferringOpinions.size()= 5
	:OpinionCitations().size()= 12
[0m[0m12:25:42,321 INFO  [opca.service.CAOnlineUpdates] (default task-5) opinion 44 Cal.4th 921
	mergeOpinions:= 17
	persistOpinions:= 0
[0m[0m12:25:42,332 INFO  [opca.service.CAOnlineUpdates] (default task-5) existingOpinion:= In Re Corrine W.
	:OpinionKey= 45 Cal.4th 522
	:CountReferringOpinions= 3
	:ReferringOpinions.size()= 3
	:OpinionCitations().size()= 2
[0m[0m12:25:42,332 INFO  [opca.service.CAOnlineUpdates] (default task-5) opinion 45 Cal.4th 522
	mergeOpinions:= 18
	persistOpinions:= 0
[0m[0m12:25:42,402 INFO  [opca.service.CAOnlineUpdates] (default task-5) existingOpinion:= In Re Nolan W.
	:OpinionKey= 45 Cal.4th 1217
	:CountReferringOpinions= 3
	:ReferringOpinions.size()= 3
	:OpinionCitations().size()= 20
[0m[0m12:25:42,402 INFO  [opca.service.CAOnlineUpdates] (default task-5) opinion 45 Cal.4th 1217
	mergeOpinions:= 19
	persistOpinions:= 0
[0m[0m12:25:42,486 INFO  [opca.service.CAOnlineUpdates] (default task-5) existingOpinion:= Hughes v. Pair
	:OpinionKey= 46 Cal.4th 1035
	:CountReferringOpinions= 7
	:ReferringOpinions.size()= 7
	:OpinionCitations().size()= 9
[0m[0m12:25:42,487 INFO  [opca.service.CAOnlineUpdates] (default task-5) opinion 46 Cal.4th 1035
	mergeOpinions:= 20
	persistOpinions:= 0
[0m[0m12:25:42,513 INFO  [opca.service.CAOnlineUpdates] (default task-5) existingOpinion:= Goodman v. Lozano
	:OpinionKey= 47 Cal.4th 1327
	:CountReferringOpinions= 3
	:ReferringOpinions.size()= 3
	:OpinionCitations().size()= 18
[0m[0m12:25:42,513 INFO  [opca.service.CAOnlineUpdates] (default task-5) opinion 47 Cal.4th 1327
	mergeOpinions:= 21
	persistOpinions:= 0
[0m[0m12:25:42,588 INFO  [opca.service.CAOnlineUpdates] (default task-5) existingOpinion:= In Re KC
	:OpinionKey= 52 Cal.4th 231
	:CountReferringOpinions= 1
	:ReferringOpinions.size()= 1
	:OpinionCitations().size()= 5
[0m[0m12:25:42,588 INFO  [opca.service.CAOnlineUpdates] (default task-5) opinion 52 Cal.4th 231
	mergeOpinions:= 22
	persistOpinions:= 0
[0m[0m12:25:42,613 INFO  [opca.service.CAOnlineUpdates] (default task-5) opinion 53 Cal.4th 1056
	mergeOpinions:= 22
	persistOpinions:= 1
[0m[0m12:25:42,622 INFO  [opca.service.CAOnlineUpdates] (default task-5) existingOpinion:= null
	:OpinionKey= 54 Cal.4th 610
	:CountReferringOpinions= 2
	:ReferringOpinions.size()= 2
	:OpinionCitations().size()= 0
[0m[0m12:25:42,623 INFO  [opca.service.CAOnlineUpdates] (default task-5) opinion 54 Cal.4th 610
	mergeOpinions:= 23
	persistOpinions:= 1
[0m[0m12:25:42,698 INFO  [opca.service.CAOnlineUpdates] (default task-5) existingOpinion:= null
	:OpinionKey= 56 Cal.4th 498
	:CountReferringOpinions= 2
	:ReferringOpinions.size()= 2
	:OpinionCitations().size()= 0
[0m[0m12:25:42,700 INFO  [opca.service.CAOnlineUpdates] (default task-5) opinion 56 Cal.4th 498
	mergeOpinions:= 24
	persistOpinions:= 1
[0m[0m12:25:42,723 INFO  [opca.service.CAOnlineUpdates] (default task-5) existingOpinion:= null
	:OpinionKey= 57 Cal.4th 64
	:CountReferringOpinions= 4
	:ReferringOpinions.size()= 4
	:OpinionCitations().size()= 0
[0m[0m12:25:42,723 INFO  [opca.service.CAOnlineUpdates] (default task-5) opinion 57 Cal.4th 64
	mergeOpinions:= 25
	persistOpinions:= 1
[0m[0m12:25:42,796 INFO  [opca.service.CAOnlineUpdates] (default task-5) existingOpinion:= null
	:OpinionKey= 58 Cal.4th 329
	:CountReferringOpinions= 2
	:ReferringOpinions.size()= 2
	:OpinionCitations().size()= 0
[0m[0m12:25:42,796 INFO  [opca.service.CAOnlineUpdates] (default task-5) opinion 58 Cal.4th 329
	mergeOpinions:= 26
	persistOpinions:= 1
[0m[0m12:25:42,814 INFO  [opca.service.CAOnlineUpdates] (default task-5) opinion 58 Cal.4th 941
	mergeOpinions:= 26
	persistOpinions:= 2
[0m[0m12:25:42,836 INFO  [opca.service.CAOnlineUpdates] (default task-5) existingOpinion:= null
	:OpinionKey= 58 Cal.4th 1081
	:CountReferringOpinions= 2
	:ReferringOpinions.size()= 2
	:OpinionCitations().size()= 0
[0m[0m12:25:42,837 INFO  [opca.service.CAOnlineUpdates] (default task-5) opinion 58 Cal.4th 1081
	mergeOpinions:= 27
	persistOpinions:= 2
[0m[0m12:25:42,901 INFO  [opca.service.CAOnlineUpdates] (default task-5) existingOpinion:= null
	:OpinionKey= 59 Cal.4th 1029
	:CountReferringOpinions= 3
	:ReferringOpinions.size()= 3
	:OpinionCitations().size()= 0
[0m[0m12:25:42,901 INFO  [opca.service.CAOnlineUpdates] (default task-5) opinion 59 Cal.4th 1029
	mergeOpinions:= 28
	persistOpinions:= 2
[0m[0m12:25:42,918 INFO  [opca.service.CAOnlineUpdates] (default task-5) existingOpinion:= null
	:OpinionKey= 63 Cal.4th 91
	:CountReferringOpinions= 3
	:ReferringOpinions.size()= 3
	:OpinionCitations().size()= 0
[0m[0m12:25:42,919 INFO  [opca.service.CAOnlineUpdates] (default task-5) opinion 63 Cal.4th 91
	mergeOpinions:= 29
	persistOpinions:= 2
[0m[0m12:25:43,004 INFO  [opca.service.CAOnlineUpdates] (default task-5) existingOpinion:= null
	:OpinionKey= 63 Cal.4th 399
	:CountReferringOpinions= 7
	:ReferringOpinions.size()= 7
	:OpinionCitations().size()= 0
[0m[0m12:25:43,004 INFO  [opca.service.CAOnlineUpdates] (default task-5) opinion 63 Cal.4th 399
	mergeOpinions:= 30
	persistOpinions:= 2
[0m[0m12:25:43,084 INFO  [opca.service.CAOnlineUpdates] (default task-5) existingOpinion:= People v. Acosta
	:OpinionKey= 18 Cal.App.3d 895
	:CountReferringOpinions= 1
	:ReferringOpinions.size()= 1
	:OpinionCitations().size()= 2
[0m[0m12:25:43,084 INFO  [opca.service.CAOnlineUpdates] (default task-5) opinion 18 Cal.App.3d 895
	mergeOpinions:= 31
	persistOpinions:= 2
[0m[0m12:25:43,113 INFO  [opca.service.CAOnlineUpdates] (default task-5) existingOpinion:= People v. Martin
	:OpinionKey= 111 Cal.App.3d 973
	:CountReferringOpinions= 2
	:ReferringOpinions.size()= 2
	:OpinionCitations().size()= 3
[0m[0m12:25:43,113 INFO  [opca.service.CAOnlineUpdates] (default task-5) opinion 111 Cal.App.3d 973
	mergeOpinions:= 32
	persistOpinions:= 2
[0m[0m12:25:43,128 INFO  [opca.service.CAOnlineUpdates] (default task-5) existingOpinion:= Doyle v. City of Chino
	:OpinionKey= 117 Cal.App.3d 673
	:CountReferringOpinions= 3
	:ReferringOpinions.size()= 3
	:OpinionCitations().size()= 3
[0m[0m12:25:43,129 INFO  [opca.service.CAOnlineUpdates] (default task-5) opinion 117 Cal.App.3d 673
	mergeOpinions:= 33
	persistOpinions:= 2
[0m[0m12:25:43,184 INFO  [opca.service.CAOnlineUpdates] (default task-5) existingOpinion:= Bowers v. Bernards
	:OpinionKey= 150 Cal.App.3d 870
	:CountReferringOpinions= 38
	:ReferringOpinions.size()= 38
	:OpinionCitations().size()= 0
[0m[0m12:25:43,184 INFO  [opca.service.CAOnlineUpdates] (default task-5) opinion 150 Cal.App.3d 870
	mergeOpinions:= 34
	persistOpinions:= 2
[0m[0m12:25:43,204 INFO  [opca.service.CAOnlineUpdates] (default task-5) existingOpinion:= Johanson Transp. Serv. v. Rich Pik'd Rite, Inc.
	:OpinionKey= 164 Cal.App.3d 583
	:CountReferringOpinions= 5
	:ReferringOpinions.size()= 5
	:OpinionCitations().size()= 0
[0m[0m12:25:43,204 INFO  [opca.service.CAOnlineUpdates] (default task-5) opinion 164 Cal.App.3d 583
	mergeOpinions:= 35
	persistOpinions:= 2
[0m[0m12:25:43,214 INFO  [opca.service.CAOnlineUpdates] (default task-5) existingOpinion:= McManigal v. City of Seal Beach
	:OpinionKey= 166 Cal.App.3d 975
	:CountReferringOpinions= 2
	:ReferringOpinions.size()= 2
	:OpinionCitations().size()= 5
[0m[0m12:25:43,214 INFO  [opca.service.CAOnlineUpdates] (default task-5) opinion 166 Cal.App.3d 975
	mergeOpinions:= 36
	persistOpinions:= 2
[0m[0m12:25:43,223 INFO  [opca.service.CAOnlineUpdates] (default task-5) existingOpinion:= ORANGE COUNTY EMPLOYEES ASSN v. County of Orange
	:OpinionKey= 205 Cal.App.3d 1289
	:CountReferringOpinions= 4
	:ReferringOpinions.size()= 4
	:OpinionCitations().size()= 3
[0m[0m12:25:43,223 INFO  [opca.service.CAOnlineUpdates] (default task-5) opinion 205 Cal.App.3d 1289
	mergeOpinions:= 37
	persistOpinions:= 2
[0m[0m12:25:43,235 INFO  [opca.service.CAOnlineUpdates] (default task-5) existingOpinion:= Flait v. North American Watch Corp.
	:OpinionKey= 3 Cal.App.4th 467
	:CountReferringOpinions= 21
	:ReferringOpinions.size()= 21
	:OpinionCitations().size()= 1
[0m[0m12:25:43,235 INFO  [opca.service.CAOnlineUpdates] (default task-5) opinion 3 Cal.App.4th 467
	mergeOpinions:= 38
	persistOpinions:= 2
[0m[0m12:25:43,286 INFO  [opca.service.CAOnlineUpdates] (default task-5) existingOpinion:= Hersant v. Department of Social Services
	:OpinionKey= 57 Cal.App.4th 997
	:CountReferringOpinions= 23
	:ReferringOpinions.size()= 23
	:OpinionCitations().size()= 0
[0m[0m12:25:43,286 INFO  [opca.service.CAOnlineUpdates] (default task-5) opinion 57 Cal.App.4th 997
	mergeOpinions:= 39
	persistOpinions:= 2
[0m[0m12:25:43,292 INFO  [opca.service.CAOnlineUpdates] (default task-5) existingOpinion:= Guthrey v. State of California
	:OpinionKey= 63 Cal.App.4th 1108
	:CountReferringOpinions= 30
	:ReferringOpinions.size()= 30
	:OpinionCitations().size()= 14
[0m[0m12:25:43,293 INFO  [opca.service.CAOnlineUpdates] (default task-5) opinion 63 Cal.App.4th 1108
	mergeOpinions:= 40
	persistOpinions:= 2
[0m[0m12:25:43,304 INFO  [opca.service.CAOnlineUpdates] (default task-5) existingOpinion:= Horn v. Cushman & Wakefield Western, Inc.
	:OpinionKey= 72 Cal.App.4th 798
	:CountReferringOpinions= 20
	:ReferringOpinions.size()= 20
	:OpinionCitations().size()= 12
[0m[0m12:25:43,304 INFO  [opca.service.CAOnlineUpdates] (default task-5) opinion 72 Cal.App.4th 798
	mergeOpinions:= 41
	persistOpinions:= 2
[0m[0m12:25:43,312 INFO  [opca.service.CAOnlineUpdates] (default task-5) existingOpinion:= In Re Carissa G.
	:OpinionKey= 76 Cal.App.4th 731
	:CountReferringOpinions= 9
	:ReferringOpinions.size()= 9
	:OpinionCitations().size()= 17
[0m[0m12:25:43,312 INFO  [opca.service.CAOnlineUpdates] (default task-5) opinion 76 Cal.App.4th 731
	mergeOpinions:= 42
	persistOpinions:= 2
[0m[0m12:25:43,323 INFO  [opca.service.CAOnlineUpdates] (default task-5) existingOpinion:= Thompson v. Tracor Flight Systems, Inc.
	:OpinionKey= 86 Cal.App.4th 1156
	:CountReferringOpinions= 8
	:ReferringOpinions.size()= 8
	:OpinionCitations().size()= 12
[0m[0m12:25:43,323 INFO  [opca.service.CAOnlineUpdates] (default task-5) opinion 86 Cal.App.4th 1156
	mergeOpinions:= 43
	persistOpinions:= 2
[0m[0m12:25:43,333 INFO  [opca.service.CAOnlineUpdates] (default task-5) existingOpinion:= In Re Daniel H.
	:OpinionKey= 99 Cal.App.4th 804
	:CountReferringOpinions= 7
	:ReferringOpinions.size()= 7
	:OpinionCitations().size()= 8
[0m[0m12:25:43,333 INFO  [opca.service.CAOnlineUpdates] (default task-5) opinion 99 Cal.App.4th 804
	mergeOpinions:= 44
	persistOpinions:= 2
[0m[0m12:25:43,391 INFO  [opca.service.CAOnlineUpdates] (default task-5) existingOpinion:= In Re LYL
	:OpinionKey= 101 Cal.App.4th 942
	:CountReferringOpinions= 21
	:ReferringOpinions.size()= 21
	:OpinionCitations().size()= 20
[0m[0m12:25:43,392 INFO  [opca.service.CAOnlineUpdates] (default task-5) opinion 101 Cal.App.4th 942
	mergeOpinions:= 45
	persistOpinions:= 2
[0m[0m12:25:43,400 INFO  [opca.service.CAOnlineUpdates] (default task-5) existingOpinion:= In Re Erik P.
	:OpinionKey= 104 Cal.App.4th 395
	:CountReferringOpinions= 7
	:ReferringOpinions.size()= 7
	:OpinionCitations().size()= 16
[0m[0m12:25:43,400 INFO  [opca.service.CAOnlineUpdates] (default task-5) opinion 104 Cal.App.4th 395
	mergeOpinions:= 46
	persistOpinions:= 2
[0m[0m12:25:43,480 INFO  [opca.service.CAOnlineUpdates] (default task-5) existingOpinion:= In Re Jacob S.
	:OpinionKey= 104 Cal.App.4th 1011
	:CountReferringOpinions= 7
	:ReferringOpinions.size()= 7
	:OpinionCitations().size()= 1
[0m[0m12:25:43,480 INFO  [opca.service.CAOnlineUpdates] (default task-5) opinion 104 Cal.App.4th 1011
	mergeOpinions:= 47
	persistOpinions:= 2
[0m[0m12:25:43,501 INFO  [opca.service.CAOnlineUpdates] (default task-5) existingOpinion:= In Re Isayah C.
	:OpinionKey= 118 Cal.App.4th 684
	:CountReferringOpinions= 8
	:ReferringOpinions.size()= 8
	:OpinionCitations().size()= 11
[0m[0m12:25:43,502 INFO  [opca.service.CAOnlineUpdates] (default task-5) opinion 118 Cal.App.4th 684
	mergeOpinions:= 48
	persistOpinions:= 2
[0m[0m12:25:43,510 INFO  [opca.service.CAOnlineUpdates] (default task-5) existingOpinion:= Carter v. CB Richard Ellis, Inc.
	:OpinionKey= 122 Cal.App.4th 1313
	:CountReferringOpinions= 7
	:ReferringOpinions.size()= 7
	:OpinionCitations().size()= 7
[0m[0m12:25:43,511 INFO  [opca.service.CAOnlineUpdates] (default task-5) opinion 122 Cal.App.4th 1313
	mergeOpinions:= 49
	persistOpinions:= 2
[0m[0m12:25:43,522 INFO  [opca.service.CAOnlineUpdates] (default task-5) existingOpinion:= In Re Salvador M.
	:OpinionKey= 133 Cal.App.4th 1415
	:CountReferringOpinions= 4
	:ReferringOpinions.size()= 4
	:OpinionCitations().size()= 2
[0m[0m12:25:43,522 INFO  [opca.service.CAOnlineUpdates] (default task-5) opinion 133 Cal.App.4th 1415
	mergeOpinions:= 50
	persistOpinions:= 2
[0m[0m12:25:43,593 INFO  [opca.service.CAOnlineUpdates] (default task-5) existingOpinion:= Kelly v. Stamps. Com Inc.
	:OpinionKey= 135 Cal.App.4th 1088
	:CountReferringOpinions= 7
	:ReferringOpinions.size()= 7
	:OpinionCitations().size()= 8
[0m[0m12:25:43,593 INFO  [opca.service.CAOnlineUpdates] (default task-5) opinion 135 Cal.App.4th 1088
	mergeOpinions:= 51
	persistOpinions:= 2
[0m[0m12:25:43,601 INFO  [opca.service.CAOnlineUpdates] (default task-5) existingOpinion:= In Re Summer H.
	:OpinionKey= 139 Cal.App.4th 1315
	:CountReferringOpinions= 4
	:ReferringOpinions.size()= 4
	:OpinionCitations().size()= 21
[0m[0m12:25:43,602 INFO  [opca.service.CAOnlineUpdates] (default task-5) opinion 139 Cal.App.4th 1315
	mergeOpinions:= 52
	persistOpinions:= 2
[0m[0m12:25:43,622 INFO  [opca.service.CAOnlineUpdates] (default task-5) existingOpinion:= In Re Carmen M.
	:OpinionKey= 141 Cal.App.4th 478
	:CountReferringOpinions= 4
	:ReferringOpinions.size()= 4
	:OpinionCitations().size()= 17
[0m[0m12:25:43,622 INFO  [opca.service.CAOnlineUpdates] (default task-5) opinion 141 Cal.App.4th 478
	mergeOpinions:= 53
	persistOpinions:= 2
[0m[0m12:25:43,695 INFO  [opca.service.CAOnlineUpdates] (default task-5) existingOpinion:= In Re Daisy D.
	:OpinionKey= 144 Cal.App.4th 287
	:CountReferringOpinions= 2
	:ReferringOpinions.size()= 2
	:OpinionCitations().size()= 10
[0m[0m12:25:43,695 INFO  [opca.service.CAOnlineUpdates] (default task-5) opinion 144 Cal.App.4th 287
	mergeOpinions:= 54
	persistOpinions:= 2
[0m[0m12:25:43,704 INFO  [opca.service.CAOnlineUpdates] (default task-5) existingOpinion:= In Re HG
	:OpinionKey= 146 Cal.App.4th 1
	:CountReferringOpinions= 6
	:ReferringOpinions.size()= 6
	:OpinionCitations().size()= 18
[0m[0m12:25:43,704 INFO  [opca.service.CAOnlineUpdates] (default task-5) opinion 146 Cal.App.4th 1
	mergeOpinions:= 55
	persistOpinions:= 2
[0m[0m12:25:43,714 INFO  [opca.service.CAOnlineUpdates] (default task-5) existingOpinion:= In Re Marilyn A.
	:OpinionKey= 148 Cal.App.4th 285
	:CountReferringOpinions= 2
	:ReferringOpinions.size()= 2
	:OpinionCitations().size()= 27
[0m[0m12:25:43,715 INFO  [opca.service.CAOnlineUpdates] (default task-5) opinion 148 Cal.App.4th 285
	mergeOpinions:= 56
	persistOpinions:= 2
[0m[0m12:25:43,722 INFO  [opca.service.CAOnlineUpdates] (default task-5) existingOpinion:= Benach v. County of Los Angeles
	:OpinionKey= 149 Cal.App.4th 836
	:CountReferringOpinions= 12
	:ReferringOpinions.size()= 12
	:OpinionCitations().size()= 29
[0m[0m12:25:43,722 INFO  [opca.service.CAOnlineUpdates] (default task-5) opinion 149 Cal.App.4th 836
	mergeOpinions:= 57
	persistOpinions:= 2
[0m[0m12:25:43,794 INFO  [opca.service.CAOnlineUpdates] (default task-5) existingOpinion:= King v. United Parcel Service, Inc.
	:OpinionKey= 152 Cal.App.4th 426
	:CountReferringOpinions= 3
	:ReferringOpinions.size()= 3
	:OpinionCitations().size()= 12
[0m[0m12:25:43,795 INFO  [opca.service.CAOnlineUpdates] (default task-5) opinion 152 Cal.App.4th 426
	mergeOpinions:= 58
	persistOpinions:= 2
[0m[0m12:25:43,800 INFO  [opca.service.CAOnlineUpdates] (default task-5) existingOpinion:= In Re Vf
	:OpinionKey= 157 Cal.App.4th 962
	:CountReferringOpinions= 4
	:ReferringOpinions.size()= 4
	:OpinionCitations().size()= 16
[0m[0m12:25:43,801 INFO  [opca.service.CAOnlineUpdates] (default task-5) opinion 157 Cal.App.4th 962
	mergeOpinions:= 59
	persistOpinions:= 2
[0m[0m12:25:43,808 INFO  [opca.service.CAOnlineUpdates] (default task-5) existingOpinion:= Villanueva v. City of Colton
	:OpinionKey= 160 Cal.App.4th 1188
	:CountReferringOpinions= 1
	:ReferringOpinions.size()= 1
	:OpinionCitations().size()= 15
[0m[0m12:25:43,809 INFO  [opca.service.CAOnlineUpdates] (default task-5) opinion 160 Cal.App.4th 1188
	mergeOpinions:= 60
	persistOpinions:= 2
[0m[0m12:25:43,819 INFO  [opca.service.CAOnlineUpdates] (default task-5) existingOpinion:= Arteaga v. Brink's, Inc.
	:OpinionKey= 163 Cal.App.4th 327
	:CountReferringOpinions= 2
	:ReferringOpinions.size()= 2
	:OpinionCitations().size()= 19
[0m[0m12:25:43,819 INFO  [opca.service.CAOnlineUpdates] (default task-5) opinion 163 Cal.App.4th 327
	mergeOpinions:= 61
	persistOpinions:= 2
[0m[0m12:25:43,826 INFO  [opca.service.CAOnlineUpdates] (default task-5) existingOpinion:= In Re Esperanza C.
	:OpinionKey= 165 Cal.App.4th 1042
	:CountReferringOpinions= 5
	:ReferringOpinions.size()= 5
	:OpinionCitations().size()= 25
[0m[0m12:25:43,826 INFO  [opca.service.CAOnlineUpdates] (default task-5) opinion 165 Cal.App.4th 1042
	mergeOpinions:= 62
	persistOpinions:= 2
[0m[0m12:25:43,890 INFO  [opca.service.CAOnlineUpdates] (default task-5) existingOpinion:= Bains v. Moores
	:OpinionKey= 172 Cal.App.4th 445
	:CountReferringOpinions= 2
	:ReferringOpinions.size()= 2
	:OpinionCitations().size()= 19
[0m[0m12:25:43,891 INFO  [opca.service.CAOnlineUpdates] (default task-5) opinion 172 Cal.App.4th 445
	mergeOpinions:= 63
	persistOpinions:= 2
[0m[0m12:25:43,900 INFO  [opca.service.CAOnlineUpdates] (default task-5) existingOpinion:= Teselle v. McLoughlin
	:OpinionKey= 173 Cal.App.4th 156
	:CountReferringOpinions= 1
	:ReferringOpinions.size()= 1
	:OpinionCitations().size()= 29
[0m[0m12:25:43,900 INFO  [opca.service.CAOnlineUpdates] (default task-5) opinion 173 Cal.App.4th 156
	mergeOpinions:= 64
	persistOpinions:= 2
[0m[0m12:25:43,905 INFO  [opca.service.CAOnlineUpdates] (default task-5) existingOpinion:= McGUAN v. Endovascular Technologies, Inc.
	:OpinionKey= 182 Cal.App.4th 974
	:CountReferringOpinions= 1
	:ReferringOpinions.size()= 1
	:OpinionCitations().size()= 5
[0m[0m12:25:43,905 INFO  [opca.service.CAOnlineUpdates] (default task-5) opinion 182 Cal.App.4th 974
	mergeOpinions:= 65
	persistOpinions:= 2
[0m[0m12:25:43,915 INFO  [opca.service.CAOnlineUpdates] (default task-5) existingOpinion:= People v. Traugott
	:OpinionKey= 184 Cal.App.4th 492
	:CountReferringOpinions= 1
	:ReferringOpinions.size()= 1
	:OpinionCitations().size()= 9
[0m[0m12:25:43,915 INFO  [opca.service.CAOnlineUpdates] (default task-5) opinion 184 Cal.App.4th 492
	mergeOpinions:= 66
	persistOpinions:= 2
[0m[0m12:25:43,922 INFO  [opca.service.CAOnlineUpdates] (default task-5) opinion 196 Cal.App.4th 191
	mergeOpinions:= 66
	persistOpinions:= 3
[0m[0m12:25:43,925 INFO  [opca.service.CAOnlineUpdates] (default task-5) opinion 208 Cal.App.4th 437
	mergeOpinions:= 66
	persistOpinions:= 4
[0m[0m12:25:43,982 INFO  [opca.service.CAOnlineUpdates] (default task-5) existingOpinion:= null
	:OpinionKey= 208 Cal.App.4th 1562
	:CountReferringOpinions= 2
	:ReferringOpinions.size()= 2
	:OpinionCitations().size()= 0
[0m[0m12:25:43,983 INFO  [opca.service.CAOnlineUpdates] (default task-5) opinion 208 Cal.App.4th 1562
	mergeOpinions:= 67
	persistOpinions:= 4
[0m[0m12:25:43,993 INFO  [opca.service.CAOnlineUpdates] (default task-5) opinion 211 Cal.App.4th 1
	mergeOpinions:= 67
	persistOpinions:= 5
[0m[0m12:25:44,002 INFO  [opca.service.CAOnlineUpdates] (default task-5) existingOpinion:= null
	:OpinionKey= 211 Cal.App.4th 266
	:CountReferringOpinions= 1
	:ReferringOpinions.size()= 1
	:OpinionCitations().size()= 0
[0m[0m12:25:44,003 INFO  [opca.service.CAOnlineUpdates] (default task-5) opinion 211 Cal.App.4th 266
	mergeOpinions:= 68
	persistOpinions:= 5
[0m[0m12:25:44,012 INFO  [opca.service.CAOnlineUpdates] (default task-5) existingOpinion:= null
	:OpinionKey= 220 Cal.App.4th 635
	:CountReferringOpinions= 2
	:ReferringOpinions.size()= 2
	:OpinionCitations().size()= 0
[0m[0m12:25:44,013 INFO  [opca.service.CAOnlineUpdates] (default task-5) opinion 220 Cal.App.4th 635
	mergeOpinions:= 69
	persistOpinions:= 5
[0m[0m12:25:44,021 INFO  [opca.service.CAOnlineUpdates] (default task-5) existingOpinion:= null
	:OpinionKey= 223 Cal.App.4th 892
	:CountReferringOpinions= 3
	:ReferringOpinions.size()= 3
	:OpinionCitations().size()= 0
[0m[0m12:25:44,021 INFO  [opca.service.CAOnlineUpdates] (default task-5) opinion 223 Cal.App.4th 892
	mergeOpinions:= 70
	persistOpinions:= 5
[0m[0m12:25:44,090 INFO  [opca.service.CAOnlineUpdates] (default task-5) opinion 226 Cal.App.4th 1240
	mergeOpinions:= 70
	persistOpinions:= 6
[0m[0m12:25:44,098 INFO  [opca.service.CAOnlineUpdates] (default task-5) opinion 228 Cal.App.4th 1452
	mergeOpinions:= 70
	persistOpinions:= 7
[0m[0m12:25:44,103 INFO  [opca.service.CAOnlineUpdates] (default task-5) opinion 230 Cal.App.4th 292
	mergeOpinions:= 70
	persistOpinions:= 8
[0m[0m12:25:44,105 INFO  [opca.service.CAOnlineUpdates] (default task-5) opinion 230 Cal.App.4th 608
	mergeOpinions:= 70
	persistOpinions:= 9
[0m[0m12:25:44,110 INFO  [opca.service.CAOnlineUpdates] (default task-5) opinion 232 Cal.App.4th 81
	mergeOpinions:= 70
	persistOpinions:= 10
[0m[0m12:25:44,117 INFO  [opca.service.CAOnlineUpdates] (default task-5) existingOpinion:= null
	:OpinionKey= 234 Cal.App.4th 359
	:CountReferringOpinions= 2
	:ReferringOpinions.size()= 2
	:OpinionCitations().size()= 0
[0m[0m12:25:44,117 INFO  [opca.service.CAOnlineUpdates] (default task-5) opinion 234 Cal.App.4th 359
	mergeOpinions:= 71
	persistOpinions:= 10
[0m[0m12:25:44,180 INFO  [opca.service.CAOnlineUpdates] (default task-5) opinion 235 Cal.App.4th 1102
	mergeOpinions:= 71
	persistOpinions:= 11
[0m[0m12:25:44,192 INFO  [opca.service.CAOnlineUpdates] (default task-5) existingOpinion:= null
	:OpinionKey= 236 Cal.App.4th 646
	:CountReferringOpinions= 4
	:ReferringOpinions.size()= 4
	:OpinionCitations().size()= 0
[0m[0m12:25:44,192 INFO  [opca.service.CAOnlineUpdates] (default task-5) opinion 236 Cal.App.4th 646
	mergeOpinions:= 72
	persistOpinions:= 11
[0m[0m12:25:44,199 INFO  [opca.service.CAOnlineUpdates] (default task-5) existingOpinion:= null
	:OpinionKey= 239 Cal.App.4th 875
	:CountReferringOpinions= 10
	:ReferringOpinions.size()= 10
	:OpinionCitations().size()= 0
[0m[0m12:25:44,199 INFO  [opca.service.CAOnlineUpdates] (default task-5) opinion 239 Cal.App.4th 875
	mergeOpinions:= 73
	persistOpinions:= 11
[0m[0m12:25:44,203 INFO  [opca.service.CAOnlineUpdates] (default task-5) opinion 242 Cal.App.4th 244
	mergeOpinions:= 73
	persistOpinions:= 12
[0m[0m12:25:44,208 INFO  [opca.service.CAOnlineUpdates] (default task-5) existingOpinion:= null
	:OpinionKey= 242 Cal.App.4th 619
	:CountReferringOpinions= 2
	:ReferringOpinions.size()= 2
	:OpinionCitations().size()= 0
[0m[0m12:25:44,208 INFO  [opca.service.CAOnlineUpdates] (default task-5) opinion 242 Cal.App.4th 619
	mergeOpinions:= 74
	persistOpinions:= 12
[0m[0m12:25:44,214 INFO  [opca.service.CAOnlineUpdates] (default task-5) opinion 242 Cal.App.4th 976
	mergeOpinions:= 74
	persistOpinions:= 13
[0m[0m12:25:44,217 INFO  [opca.service.CAOnlineUpdates] (default task-5) existingOpinion:= null
	:OpinionKey= 242 Cal.App.4th 1108
	:CountReferringOpinions= 7
	:ReferringOpinions.size()= 7
	:OpinionCitations().size()= 0
[0m[0m12:25:44,217 INFO  [opca.service.CAOnlineUpdates] (default task-5) opinion 242 Cal.App.4th 1108
	mergeOpinions:= 75
	persistOpinions:= 13
[0m[0m12:25:44,221 INFO  [opca.service.CAOnlineUpdates] (default task-5) opinion 244 Cal.App.4th 866
	mergeOpinions:= 75
	persistOpinions:= 14
[0m[0m12:25:44,225 INFO  [opca.service.CAOnlineUpdates] (default task-5) opinion 247 Cal.App.4th 166
	mergeOpinions:= 75
	persistOpinions:= 15
[0m[0m12:25:44,229 INFO  [opca.service.CAOnlineUpdates] (default task-5) opinion 247 Cal.App.4th 1385
	mergeOpinions:= 75
	persistOpinions:= 16
[0m[0m12:25:44,232 INFO  [opca.service.CAOnlineUpdates] (default task-5) opinion 2 Cal.App.5th 536
	mergeOpinions:= 75
	persistOpinions:= 17
[0m[0m12:25:44,282 INFO  [opca.service.CAOnlineUpdates] (default task-5) opinion 3 Cal.App.5th 905
	mergeOpinions:= 75
	persistOpinions:= 18
[0m[0m12:25:44,286 INFO  [opca.service.CAOnlineUpdates] (default task-5) opinion 3 Cal.App.5th 1084
	mergeOpinions:= 75
	persistOpinions:= 19
[0m[0m12:25:44,286 INFO  [opca.service.CAOnlineUpdates] (default task-5) Divided 94 opinions in 3 seconds
[0m[0m12:25:44,299 INFO  [opca.service.CAOnlineUpdates] (default task-5) Persisted 94 opinions in 0 seconds
[0m[0m12:25:44,319 INFO  [opca.service.CAOnlineUpdates] (default task-5) Merged 94 opinions in 0 seconds
[0m[0m12:25:45,328 INFO  [opca.service.CAOnlineUpdates] (default task-5) Divided 25 statutes in 1 seconds
[0m[0m12:25:45,443 INFO  [opca.service.CAOnlineUpdates] (default task-5) Persisted 25 statutes in 0 seconds
[0m[0m12:25:45,503 INFO  [opca.service.CAOnlineUpdates] (default task-5) Merged 25 statutes in 0 seconds
[0m[0m12:25:45,990 INFO  [opca.controller.IndexController] (default task-5) DONE SCRAPER UPDATE
[0mionCitations().size()= 29
2016-11-13 12:25:43,900 INFO  [opca.service.CAOnlineUpdates] (default task-5) opinion 173 Cal.App.4th 156
	mergeOpinions:= 64
	persistOpinions:= 2
2016-11-13 12:25:43,905 INFO  [opca.service.CAOnlineUpdates] (default task-5) existingOpinion:= McGUAN v. Endovascular Technologies, Inc.
	:OpinionKey= 182 Cal.App.4th 974
	:CountReferringOpinions= 1
	:ReferringOpinions.size()= 1
	:OpinionCitations().size()= 5
2016-11-13 12:25:43,905 INFO  [opca.service.CAOnlineUpdates] (default task-5) opinion 182 Cal.App.4th 974
	mergeOpinions:= 65
	persistOpinions:= 2
2016-11-13 12:25:43,915 INFO  [opca.service.CAOnlineUpdates] (default task-5) existingOpinion:= People v. Traugott
	:OpinionKey= 184 Cal.App.4th 492
	:CountReferringOpinions= 1
	:ReferringOpinions.size()= 1
	:OpinionCitations().size()= 9
2016-11-13 12:25:43,915 INFO  [opca.service.CAOnlineUpdates] (default task-5) opinion 184 Cal.App.4th 492
	mergeOpinions:= 66
	persistOpinions:= 2
2016-11-13 12:25:43,922 INFO  [opca.service.CAOnlineUpdates] (default task-5) opinion 196 Cal.App.4th 191
	mergeOpinions:= 66
	persistOpinions:= 3
2016-11-13 12:25:43,925 INFO  [opca.service.CAOnlineUpdates] (default task-5) opinion 208 Cal.App.4th 437
	mergeOpinions:= 66
	persistOpinions:= 4
2016-11-13 12:25:43,982 INFO  [opca.service.CAOnlineUpdates] (default task-5) existingOpinion:= null
	:OpinionKey= 208 Cal.App.4th 1562
	:CountReferringOpinions= 2
	:ReferringOpinions.size()= 2
	:OpinionCitations().size()= 0
2016-11-13 12:25:43,983 INFO  [opca.service.CAOnlineUpdates] (default task-5) opinion 208 Cal.App.4th 1562
	mergeOpinions:= 67
	persistOpinions:= 4
2016-11-13 12:25:43,993 INFO  [opca.service.CAOnlineUpdates] (default task-5) opinion 211 Cal.App.4th 1
	mergeOpinions:= 67
	persistOpinions:= 5
2016-11-13 12:25:44,002 INFO  [opca.service.CAOnlineUpdates] (default task-5) existingOpinion:= null
	:OpinionKey= 211 Cal.App.4th 266
	:CountReferringOpinions= 1
	:ReferringOpinions.size()= 1
	:OpinionCitations().size()= 0
2016-11-13 12:25:44,003 INFO  [opca.service.CAOnlineUpdates] (default task-5) opinion 211 Cal.App.4th 266
	mergeOpinions:= 68
	persistOpinions:= 5
2016-11-13 12:25:44,012 INFO  [opca.service.CAOnlineUpdates] (default task-5) existingOpinion:= null
	:OpinionKey= 220 Cal.App.4th 635
	:CountReferringOpinions= 2
	:ReferringOpinions.size()= 2
	:OpinionCitations().size()= 0
2016-11-13 12:25:44,013 INFO  [opca.service.CAOnlineUpdates] (default task-5) opinion 220 Cal.App.4th 635
	mergeOpinions:= 69
	persistOpinions:= 5
2016-11-13 12:25:44,021 INFO  [opca.service.CAOnlineUpdates] (default task-5) existingOpinion:= null
	:OpinionKey= 223 Cal.App.4th 892
	:CountReferringOpinions= 3
	:ReferringOpinions.size()= 3
	:OpinionCitations().size()= 0
2016-11-13 12:25:44,021 INFO  [opca.service.CAOnlineUpdates] (default task-5) opinion 223 Cal.App.4th 892
	mergeOpinions:= 70
	persistOpinions:= 5
2016-11-13 12:25:44,090 INFO  [opca.service.CAOnlineUpdates] (default task-5) opinion 226 Cal.App.4th 1240
	mergeOpinions:= 70
	persistOpinions:= 6
2016-11-13 12:25:44,098 INFO  [opca.service.CAOnlineUpdates] (default task-5) opinion 228 Cal.App.4th 1452
	mergeOpinions:= 70
	persistOpinions:= 7
2016-11-13 12:25:44,103 INFO  [opca.service.CAOnlineUpdates] (default task-5) opinion 230 Cal.App.4th 292
	mergeOpinions:= 70
	persistOpinions:= 8
2016-11-13 12:25:44,105 INFO  [opca.service.CAOnlineUpdates] (default task-5) opinion 230 Cal.App.4th 608
	mergeOpinions:= 70
	persistOpinions:= 9
2016-11-13 12:25:44,110 INFO  [opca.service.CAOnlineUpdates] (default task-5) opinion 232 Cal.App.4th 81
	mergeOpinions:= 70
	persistOpinions:= 10
2016-11-13 12:25:44,117 INFO  [opca.service.CAOnlineUpdates] (default task-5) existingOpinion:= null
	:OpinionKey= 234 Cal.App.4th 359
	:CountReferringOpinions= 2
	:ReferringOpinions.size()= 2
	:OpinionCitations().size()= 0
2016-11-13 12:25:44,117 INFO  [opca.service.CAOnlineUpdates] (default task-5) opinion 234 Cal.App.4th 359
	mergeOpinions:= 71
	persistOpinions:= 10
2016-11-13 12:25:44,180 INFO  [opca.service.CAOnlineUpdates] (default task-5) opinion 235 Cal.App.4th 1102
	mergeOpinions:= 71
	persistOpinions:= 11
2016-11-13 12:25:44,192 INFO  [opca.service.CAOnlineUpdates] (default task-5) existingOpinion:= null
	:OpinionKey= 236 Cal.App.4th 646
	:CountReferringOpinions= 4
	:ReferringOpinions.size()= 4
	:OpinionCitations().size()= 0
2016-11-13 12:25:44,192 INFO  [opca.service.CAOnlineUpdates] (default task-5) opinion 236 Cal.App.4th 646
	mergeOpinions:= 72
	persistOpinions:= 11
2016-11-13 12:25:44,199 INFO  [opca.service.CAOnlineUpdates] (default task-5) existingOpinion:= null
	:OpinionKey= 239 Cal.App.4th 875
	:CountReferringOpinions= 10
	:ReferringOpinions.size()= 10
	:OpinionCitations().size()= 0
2016-11-13 12:25:44,199 INFO  [opca.service.CAOnlineUpdates] (default task-5) opinion 239 Cal.App.4th 875
	mergeOpinions:= 73
	persistOpinions:= 11
2016-11-13 12:25:44,203 INFO  [opca.service.CAOnlineUpdates] (default task-5) opinion 242 Cal.App.4th 244
	mergeOpinions:= 73
	persistOpinions:= 12
2016-11-13 12:25:44,208 INFO  [opca.service.CAOnlineUpdates] (default task-5) existingOpinion:= null
	:OpinionKey= 242 Cal.App.4th 619
	:CountReferringOpinions= 2
	:ReferringOpinions.size()= 2
	:OpinionCitations().size()= 0
2016-11-13 12:25:44,208 INFO  [opca.service.CAOnlineUpdates] (default task-5) opinion 242 Cal.App.4th 619
	mergeOpinions:= 74
	persistOpinions:= 12
2016-11-13 12:25:44,214 INFO  [opca.service.CAOnlineUpdates] (default task-5) opinion 242 Cal.App.4th 976
	mergeOpinions:= 74
	persistOpinions:= 13
2016-11-13 12:25:44,217 INFO  [opca.service.CAOnlineUpdates] (default task-5) existingOpinion:= null
	:OpinionKey= 242 Cal.App.4th 1108
	:CountReferringOpinions= 7
	:ReferringOpinions.size()= 7
	:OpinionCitations().size()= 0
2016-11-13 12:25:44,217 INFO  [opca.service.CAOnlineUpdates] (default task-5) opinion 242 Cal.App.4th 1108
	mergeOpinions:= 75
	persistOpinions:= 13
2016-11-13 12:25:44,221 INFO  [opca.service.CAOnlineUpdates] (default task-5) opinion 244 Cal.App.4th 866
	mergeOpinions:= 75
	persistOpinions:= 14
2016-11-13 12:25:44,225 INFO  [opca.service.CAOnlineUpdates] (default task-5) opinion 247 Cal.App.4th 166
	mergeOpinions:= 75
	persistOpinions:= 15
2016-11-13 12:25:44,229 INFO  [opca.service.CAOnlineUpdates] (default task-5) opinion 247 Cal.App.4th 1385
	mergeOpinions:= 75
	persistOpinions:= 16
2016-11-13 12:25:44,232 INFO  [opca.service.CAOnlineUpdates] (default task-5) opinion 2 Cal.App.5th 536
	mergeOpinions:= 75
	persistOpinions:= 17
2016-11-13 12:25:44,282 INFO  [opca.service.CAOnlineUpdates] (default task-5) opinion 3 Cal.App.5th 905
	mergeOpinions:= 75
	persistOpinions:= 18
2016-11-13 12:25:44,286 INFO  [opca.service.CAOnlineUpdates] (default task-5) opinion 3 Cal.App.5th 1084
	mergeOpinions:= 75
	persistOpinions:= 19
2016-11-13 12:25:44,286 INFO  [opca.service.CAOnlineUpdates] (default task-5) Divided 94 opinions in 3 seconds
2016-11-13 12:25:44,299 INFO  [opca.service.CAOnlineUpdates] (default task-5) Persisted 94 opinions in 0 seconds
2016-11-13 12:25:44,319 INFO  [opca.service.CAOnlineUpdates] (default task-5) Merged 94 opinions in 0 seconds
2016-11-13 12:25:45,328 INFO  [opca.service.CAOnlineUpdates] (default task-5) Divided 25 statutes in 1 seconds
2016-11-13 12:25:45,443 INFO  [opca.service.CAOnlineUpdates] (default task-5) Persisted 25 statutes in 0 seconds
2016-11-13 12:25:45,503 INFO  [opca.service.CAOnlineUpdates] (default task-5) Merged 25 statutes in 0 seconds
2016-11-13 12:25:45,990 INFO  [opca.controller.IndexController] (default task-5) DONE SCRAPER UPDATE
